This is pdfTeX, Version 3.141592653-2.6-1.40.22 (TeX Live 2021) (preloaded format=pdflatex 2021.11.2)  17 MAY 2023 11:48
entering extended mode
 restricted \write18 enabled.
 %&-line parsing enabled.
**main.tex
(./main.tex
LaTeX2e <2020-10-01> patch level 4
L3 programming layer <2021-02-18>
(/usr/local/texlive/2021/texmf-dist/tex/latex/base/report.cls
Document Class: report 2020/04/10 v1.4m Standard LaTeX document class
(/usr/local/texlive/2021/texmf-dist/tex/latex/base/size10.clo
File: size10.clo 2020/04/10 v1.4m Standard LaTeX file (size option)
)
\c@part=\count179
\c@chapter=\count180
\c@section=\count181
\c@subsection=\count182
\c@subsubsection=\count183
\c@paragraph=\count184
\c@subparagraph=\count185
\c@figure=\count186
\c@table=\count187
\abovecaptionskip=\skip47
\belowcaptionskip=\skip48
\bibindent=\dimen138
)
(/usr/local/texlive/2021/texmf-dist/tex/latex/base/inputenc.sty
Package: inputenc 2020/08/01 v1.3d Input encoding file
\inpenc@prehook=\toks15
\inpenc@posthook=\toks16
)
(/usr/local/texlive/2021/texmf-dist/tex/generic/babel/babel.sty
Package: babel 2021/03/24 3.56 The Babel package

(/usr/local/texlive/2021/texmf-dist/tex/generic/babel/babel.def
File: babel.def 2021/03/24 3.56 Babel common definitions
\babel@savecnt=\count188
\U@D=\dimen139
\l@babelnohyphens=\language87

(/usr/local/texlive/2021/texmf-dist/tex/generic/babel/txtbabel.def)
\bbl@readstream=\read2
)
\bbl@dirlevel=\count189

(/usr/local/texlive/2021/texmf-dist/tex/generic/babel-spanish/spanish.ldf
Language: spanish.ldf 2016/03/03 v5.0p Spanish support from the babel system
\es@quottoks=\toks17
\es@quotdepth=\count190
Package babel Info: Making " an active character on input line 561.
Package babel Info: Making . an active character on input line 662.
Package babel Info: Making < an active character on input line 707.
Package babel Info: Making > an active character on input line 707.
))
(/usr/local/texlive/2021/texmf-dist/tex/latex/amsmath/amsmath.sty
Package: amsmath 2020/09/23 v2.17i AMS math features
\@mathmargin=\skip49

For additional information on amsmath, use the `?' option.
(/usr/local/texlive/2021/texmf-dist/tex/latex/amsmath/amstext.sty
Package: amstext 2000/06/29 v2.01 AMS text

(/usr/local/texlive/2021/texmf-dist/tex/latex/amsmath/amsgen.sty
File: amsgen.sty 1999/11/30 v2.0 generic functions
\@emptytoks=\toks18
\ex@=\dimen140
))
(/usr/local/texlive/2021/texmf-dist/tex/latex/amsmath/amsbsy.sty
Package: amsbsy 1999/11/29 v1.2d Bold Symbols
\pmbraise@=\dimen141
)
(/usr/local/texlive/2021/texmf-dist/tex/latex/amsmath/amsopn.sty
Package: amsopn 2016/03/08 v2.02 operator names
)
\inf@bad=\count191
LaTeX Info: Redefining \frac on input line 234.
\uproot@=\count192
\leftroot@=\count193
LaTeX Info: Redefining \overline on input line 399.
\classnum@=\count194
\DOTSCASE@=\count195
LaTeX Info: Redefining \ldots on input line 496.
LaTeX Info: Redefining \dots on input line 499.
LaTeX Info: Redefining \cdots on input line 620.
\Mathstrutbox@=\box47
\strutbox@=\box48
\big@size=\dimen142
LaTeX Font Info:    Redeclaring font encoding OML on input line 743.
LaTeX Font Info:    Redeclaring font encoding OMS on input line 744.
\macc@depth=\count196
\c@MaxMatrixCols=\count197
\dotsspace@=\muskip16
\c@parentequation=\count198
\dspbrk@lvl=\count199
\tag@help=\toks19
\row@=\count266
\column@=\count267
\maxfields@=\count268
\andhelp@=\toks20
\eqnshift@=\dimen143
\alignsep@=\dimen144
\tagshift@=\dimen145
\tagwidth@=\dimen146
\totwidth@=\dimen147
\lineht@=\dimen148
\@envbody=\toks21
\multlinegap=\skip50
\multlinetaggap=\skip51
\mathdisplay@stack=\toks22
LaTeX Info: Redefining \[ on input line 2923.
LaTeX Info: Redefining \] on input line 2924.
)
(/usr/local/texlive/2021/texmf-dist/tex/latex/amsfonts/amsfonts.sty
Package: amsfonts 2013/01/14 v3.01 Basic AMSFonts support
\symAMSa=\mathgroup4
\symAMSb=\mathgroup5
LaTeX Font Info:    Redeclaring math symbol \hbar on input line 98.
LaTeX Font Info:    Overwriting math alphabet `\mathfrak' in version `bold'
(Font)                  U/euf/m/n --> U/euf/b/n on input line 106.
)
(/usr/local/texlive/2021/texmf-dist/tex/latex/amsfonts/amssymb.sty
Package: amssymb 2013/01/14 v3.01 AMS font symbols
)
(/usr/local/texlive/2021/texmf-dist/tex/latex/float/float.sty
Package: float 2001/11/08 v1.3d Float enhancements (AL)
\c@float@type=\count269
\float@exts=\toks23
\float@box=\box49
\@float@everytoks=\toks24
\@floatcapt=\box50
)
(/usr/local/texlive/2021/texmf-dist/tex/latex/eurosym/eurosym.sty
Package: eurosym 1998/08/06 v1.1 European currency symbol ``Euro''
\@eurobox=\box51
)
(/usr/local/texlive/2021/texmf-dist/tex/latex/graphics/graphicx.sty
Package: graphicx 2020/09/09 v1.2b Enhanced LaTeX Graphics (DPC,SPQR)

(/usr/local/texlive/2021/texmf-dist/tex/latex/graphics/keyval.sty
Package: keyval 2014/10/28 v1.15 key=value parser (DPC)
\KV@toks@=\toks25
)
(/usr/local/texlive/2021/texmf-dist/tex/latex/graphics/graphics.sty
Package: graphics 2020/08/30 v1.4c Standard LaTeX Graphics (DPC,SPQR)

(/usr/local/texlive/2021/texmf-dist/tex/latex/graphics/trig.sty
Package: trig 2016/01/03 v1.10 sin cos tan (DPC)
)
(/usr/local/texlive/2021/texmf-dist/tex/latex/graphics-cfg/graphics.cfg
File: graphics.cfg 2016/06/04 v1.11 sample graphics configuration
)
Package graphics Info: Driver file: pdftex.def on input line 105.

(/usr/local/texlive/2021/texmf-dist/tex/latex/graphics-def/pdftex.def
File: pdftex.def 2020/10/05 v1.2a Graphics/color driver for pdftex
))
\Gin@req@height=\dimen149
\Gin@req@width=\dimen150
)
(/usr/local/texlive/2021/texmf-dist/tex/latex/abstract/abstract.sty
Package: abstract 2009/06/08 v1.2a configurable abstracts
\abstitleskip=\skip52
\absleftindent=\skip53
\absrightindent=\skip54
\absparindent=\skip55
\absparsep=\skip56
)
(/usr/local/texlive/2021/texmf-dist/tex/latex/caption/caption.sty
Package: caption 2020/10/26 v3.5g Customizing captions (AR)

(/usr/local/texlive/2021/texmf-dist/tex/latex/caption/caption3.sty
Package: caption3 2020/10/21 v2.2e caption3 kernel (AR)
\captionmargin=\dimen151
\captionmargin@=\dimen152
\captionwidth=\dimen153
\caption@tempdima=\dimen154
\caption@indent=\dimen155
\caption@parindent=\dimen156
\caption@hangindent=\dimen157
Package caption Info: Standard document class detected.
)
\c@caption@flags=\count270
\c@continuedfloat=\count271
Package caption Info: float package is loaded.
)
(/usr/local/texlive/2021/texmf-dist/tex/latex/caption/subcaption.sty
Package: subcaption 2020/10/07 v1.3j Sub-captions (AR)
\c@subfigure=\count272
\c@subtable=\count273
)
(/usr/local/texlive/2021/texmf-dist/tex/latex/listings/listings.sty
\lst@mode=\count274
\lst@gtempboxa=\box52
\lst@token=\toks26
\lst@length=\count275
\lst@currlwidth=\dimen158
\lst@column=\count276
\lst@pos=\count277
\lst@lostspace=\dimen159
\lst@width=\dimen160
\lst@newlines=\count278
\lst@lineno=\count279
\lst@maxwidth=\dimen161

(/usr/local/texlive/2021/texmf-dist/tex/latex/listings/lstmisc.sty
File: lstmisc.sty 2020/03/24 1.8d (Carsten Heinz)
\c@lstnumber=\count280
\lst@skipnumbers=\count281
\lst@framebox=\box53
)
(/usr/local/texlive/2021/texmf-dist/tex/latex/listings/listings.cfg
File: listings.cfg 2020/03/24 1.8d listings configuration
))
Package: listings 2020/03/24 1.8d (Carsten Heinz)

(/usr/local/texlive/2021/texmf-dist/tex/latex/xcolor/xcolor.sty
Package: xcolor 2016/05/11 v2.12 LaTeX color extensions (UK)

(/usr/local/texlive/2021/texmf-dist/tex/latex/graphics-cfg/color.cfg
File: color.cfg 2016/01/02 v1.6 sample color configuration
)
Package xcolor Info: Driver file: pdftex.def on input line 225.
Package xcolor Info: Model `cmy' substituted by `cmy0' on input line 1348.
Package xcolor Info: Model `hsb' substituted by `rgb' on input line 1352.
Package xcolor Info: Model `RGB' extended on input line 1364.
Package xcolor Info: Model `HTML' substituted by `rgb' on input line 1366.
Package xcolor Info: Model `Hsb' substituted by `hsb' on input line 1367.
Package xcolor Info: Model `tHsb' substituted by `hsb' on input line 1368.
Package xcolor Info: Model `HSB' substituted by `hsb' on input line 1369.
Package xcolor Info: Model `Gray' substituted by `gray' on input line 1370.
Package xcolor Info: Model `wave' substituted by `hsb' on input line 1371.
)
(/usr/local/texlive/2021/texmf-dist/tex/latex/pdfpages/pdfpages.sty
Package: pdfpages 2021/03/06 v0.5t Insert pages of external PDF documents (AM)

(/usr/local/texlive/2021/texmf-dist/tex/latex/base/ifthen.sty
Package: ifthen 2014/09/29 v1.1c Standard LaTeX ifthen package (DPC)
)
(/usr/local/texlive/2021/texmf-dist/tex/latex/tools/calc.sty
Package: calc 2017/05/25 v4.3 Infix arithmetic (KKT,FJ)
\calc@Acount=\count282
\calc@Bcount=\count283
\calc@Adimen=\dimen162
\calc@Bdimen=\dimen163
\calc@Askip=\skip57
\calc@Bskip=\skip58
LaTeX Info: Redefining \setlength on input line 80.
LaTeX Info: Redefining \addtolength on input line 81.
\calc@Ccount=\count284
\calc@Cskip=\skip59
)
(/usr/local/texlive/2021/texmf-dist/tex/latex/eso-pic/eso-pic.sty
Package: eso-pic 2020/10/14 v3.0a eso-pic (RN)
\ESO@tempdima=\dimen164
\ESO@tempdimb=\dimen165
)
\AM@pagewidth=\dimen166
\AM@pageheight=\dimen167
\AM@fboxrule=\dimen168

(/usr/local/texlive/2021/texmf-dist/tex/latex/pdfpages/pppdftex.def
File: pppdftex.def 2021/03/06 v0.5t Pdfpages driver for pdfTeX (AM)
)
\pdfpages@includegraphics@status=\count285
\AM@pagebox=\box54
\AM@global@opts=\toks27
\AM@pagecnt=\count286
\AM@toc@title=\toks28
\c@AM@survey=\count287
\AM@templatesizebox=\box55
)
(/usr/local/texlive/2021/texmf-dist/tex/latex/tools/xr.sty
Package: xr 2020-05-10 v5.06 eXternal References (DPC)
)
(/usr/local/texlive/2021/texmf-dist/tex/latex/underscore/underscore.sty
Package: underscore 2006/09/13
LaTeX Info: Redefining \_ on input line 42.
)
(/usr/local/texlive/2021/texmf-dist/tex/latex/hyperref/hyperref.sty
Package: hyperref 2021-02-27 v7.00k Hypertext links for LaTeX

(/usr/local/texlive/2021/texmf-dist/tex/generic/ltxcmds/ltxcmds.sty
Package: ltxcmds 2020-05-10 v1.25 LaTeX kernel commands for general use (HO)
)
(/usr/local/texlive/2021/texmf-dist/tex/generic/iftex/iftex.sty
Package: iftex 2020/03/06 v1.0d TeX engine tests
)
(/usr/local/texlive/2021/texmf-dist/tex/generic/pdftexcmds/pdftexcmds.sty
Package: pdftexcmds 2020-06-27 v0.33 Utility functions of pdfTeX for LuaTeX (HO
)

(/usr/local/texlive/2021/texmf-dist/tex/generic/infwarerr/infwarerr.sty
Package: infwarerr 2019/12/03 v1.5 Providing info/warning/error messages (HO)
)
Package pdftexcmds Info: \pdf@primitive is available.
Package pdftexcmds Info: \pdf@ifprimitive is available.
Package pdftexcmds Info: \pdfdraftmode found.
)
(/usr/local/texlive/2021/texmf-dist/tex/generic/kvsetkeys/kvsetkeys.sty
Package: kvsetkeys 2019/12/15 v1.18 Key value parser (HO)
)
(/usr/local/texlive/2021/texmf-dist/tex/generic/kvdefinekeys/kvdefinekeys.sty
Package: kvdefinekeys 2019-12-19 v1.6 Define keys (HO)
)
(/usr/local/texlive/2021/texmf-dist/tex/generic/pdfescape/pdfescape.sty
Package: pdfescape 2019/12/09 v1.15 Implements pdfTeX's escape features (HO)
)
(/usr/local/texlive/2021/texmf-dist/tex/latex/hycolor/hycolor.sty
Package: hycolor 2020-01-27 v1.10 Color options for hyperref/bookmark (HO)
)
(/usr/local/texlive/2021/texmf-dist/tex/latex/letltxmacro/letltxmacro.sty
Package: letltxmacro 2019/12/03 v1.6 Let assignment for LaTeX macros (HO)
)
(/usr/local/texlive/2021/texmf-dist/tex/latex/auxhook/auxhook.sty
Package: auxhook 2019-12-17 v1.6 Hooks for auxiliary files (HO)
)
(/usr/local/texlive/2021/texmf-dist/tex/latex/kvoptions/kvoptions.sty
Package: kvoptions 2020-10-07 v3.14 Key value format for package options (HO)
)
\@linkdim=\dimen169
\Hy@linkcounter=\count288
\Hy@pagecounter=\count289

(/usr/local/texlive/2021/texmf-dist/tex/latex/hyperref/pd1enc.def
File: pd1enc.def 2021-02-27 v7.00k Hyperref: PDFDocEncoding definition (HO)
Now handling font encoding PD1 ...
... no UTF-8 mapping file for font encoding PD1
)
(/usr/local/texlive/2021/texmf-dist/tex/latex/hyperref/hyperref-langpatches.def
File: hyperref-langpatches.def 2021-02-27 v7.00k Hyperref: patches for babel la
nguages
) (/usr/local/texlive/2021/texmf-dist/tex/generic/intcalc/intcalc.sty
Package: intcalc 2019/12/15 v1.3 Expandable calculations with integers (HO)
)
(/usr/local/texlive/2021/texmf-dist/tex/generic/etexcmds/etexcmds.sty
Package: etexcmds 2019/12/15 v1.7 Avoid name clashes with e-TeX commands (HO)
)
\Hy@SavedSpaceFactor=\count290

(/usr/local/texlive/2021/texmf-dist/tex/latex/hyperref/puenc.def
File: puenc.def 2021-02-27 v7.00k Hyperref: PDF Unicode definition (HO)
Now handling font encoding PU ...
... no UTF-8 mapping file for font encoding PU
)
Package hyperref Info: Hyper figures OFF on input line 4192.
Package hyperref Info: Link nesting OFF on input line 4197.
Package hyperref Info: Hyper index ON on input line 4200.
Package hyperref Info: Plain pages OFF on input line 4207.
Package hyperref Info: Backreferencing OFF on input line 4212.
Package hyperref Info: Implicit mode ON; LaTeX internals redefined.
Package hyperref Info: Bookmarks ON on input line 4445.
\c@Hy@tempcnt=\count291

(/usr/local/texlive/2021/texmf-dist/tex/latex/url/url.sty
\Urlmuskip=\muskip17
Package: url 2013/09/16  ver 3.4  Verb mode for urls, etc.
)
LaTeX Info: Redefining \url on input line 4804.
\XeTeXLinkMargin=\dimen170

(/usr/local/texlive/2021/texmf-dist/tex/generic/bitset/bitset.sty
Package: bitset 2019/12/09 v1.3 Handle bit-vector datatype (HO)

(/usr/local/texlive/2021/texmf-dist/tex/generic/bigintcalc/bigintcalc.sty
Package: bigintcalc 2019/12/15 v1.5 Expandable calculations on big integers (HO
)
))
\Fld@menulength=\count292
\Field@Width=\dimen171
\Fld@charsize=\dimen172
Package hyperref Info: Hyper figures OFF on input line 6075.
Package hyperref Info: Link nesting OFF on input line 6080.
Package hyperref Info: Hyper index ON on input line 6083.
Package hyperref Info: backreferencing OFF on input line 6090.
Package hyperref Info: Link coloring OFF on input line 6095.
Package hyperref Info: Link coloring with OCG OFF on input line 6100.
Package hyperref Info: PDF/A mode OFF on input line 6105.
LaTeX Info: Redefining \ref on input line 6145.
LaTeX Info: Redefining \pageref on input line 6149.

(/usr/local/texlive/2021/texmf-dist/tex/latex/base/atbegshi-ltx.sty
Package: atbegshi-ltx 2020/08/17 v1.0a Emulation of the original atbegshi packa
ge
with kernel methods
)
\Hy@abspage=\count293
\c@Item=\count294
\c@Hfootnote=\count295
)
Package hyperref Info: Driver (autodetected): hpdftex.

(/usr/local/texlive/2021/texmf-dist/tex/latex/hyperref/hpdftex.def
File: hpdftex.def 2021-02-27 v7.00k Hyperref driver for pdfTeX

(/usr/local/texlive/2021/texmf-dist/tex/latex/base/atveryend-ltx.sty
Package: atveryend-ltx 2020/08/19 v1.0a Emulation of the original atvery packag
e
with kernel methods
)
\Fld@listcount=\count296
\c@bookmark@seq@number=\count297

(/usr/local/texlive/2021/texmf-dist/tex/latex/rerunfilecheck/rerunfilecheck.sty
Package: rerunfilecheck 2019/12/05 v1.9 Rerun checks for auxiliary files (HO)

(/usr/local/texlive/2021/texmf-dist/tex/generic/uniquecounter/uniquecounter.sty
Package: uniquecounter 2019/12/15 v1.4 Provide unlimited unique counter (HO)
)
Package uniquecounter Info: New unique counter `rerunfilecheck' on input line 2
86.
)
\Hy@SectionHShift=\skip60
) (/usr/local/texlive/2021/texmf-dist/tex/latex/geometry/geometry.sty
Package: geometry 2020/01/02 v5.9 Page Geometry

(/usr/local/texlive/2021/texmf-dist/tex/generic/iftex/ifvtex.sty
Package: ifvtex 2019/10/25 v1.7 ifvtex legacy package. Use iftex instead.
)
\Gm@cnth=\count298
\Gm@cntv=\count299
\c@Gm@tempcnt=\count300
\Gm@bindingoffset=\dimen173
\Gm@wd@mp=\dimen174
\Gm@odd@mp=\dimen175
\Gm@even@mp=\dimen176
\Gm@layoutwidth=\dimen177
\Gm@layoutheight=\dimen178
\Gm@layouthoffset=\dimen179
\Gm@layoutvoffset=\dimen180
\Gm@dimlist=\toks29
)
(/usr/local/texlive/2021/texmf-dist/tex/latex/listings/lstlang1.sty
File: lstlang1.sty 2020/03/24 1.8d listings language file
)
(/usr/local/texlive/2021/texmf-dist/tex/latex/listings/lstmisc.sty
File: lstmisc.sty 2020/03/24 1.8d (Carsten Heinz)
)
(/usr/local/texlive/2021/texmf-dist/tex/latex/l3backend/l3backend-pdftex.def
File: l3backend-pdftex.def 2021-03-18 L3 backend support: PDF output (pdfTeX)
\l__color_backend_stack_int=\count301
\l__pdf_internal_box=\box56
)
(./main.aux
LaTeX Info: Redefining \. on input line 26.
LaTeX Info: Redefining \% on input line 26.


LaTeX Warning: Label `rendimiento' multiply defined.

)
\openout1 = `main.aux'.

LaTeX Font Info:    Checking defaults for OML/cmm/m/it on input line 69.
LaTeX Font Info:    ... okay on input line 69.
LaTeX Font Info:    Checking defaults for OMS/cmsy/m/n on input line 69.
LaTeX Font Info:    ... okay on input line 69.
LaTeX Font Info:    Checking defaults for OT1/cmr/m/n on input line 69.
LaTeX Font Info:    ... okay on input line 69.
LaTeX Font Info:    Checking defaults for T1/cmr/m/n on input line 69.
LaTeX Font Info:    ... okay on input line 69.
LaTeX Font Info:    Checking defaults for TS1/cmr/m/n on input line 69.
LaTeX Font Info:    ... okay on input line 69.
LaTeX Font Info:    Checking defaults for OMX/cmex/m/n on input line 69.
LaTeX Font Info:    ... okay on input line 69.
LaTeX Font Info:    Checking defaults for U/cmr/m/n on input line 69.
LaTeX Font Info:    ... okay on input line 69.
LaTeX Font Info:    Checking defaults for PD1/pdf/m/n on input line 69.
LaTeX Font Info:    ... okay on input line 69.
LaTeX Font Info:    Checking defaults for PU/pdf/m/n on input line 69.
LaTeX Font Info:    ... okay on input line 69.
LaTeX Info: Redefining \. on input line 69.
LaTeX Info: Redefining \% on input line 69.
 (/usr/local/texlive/2021/texmf-dist/tex/context/base/mkii/supp-pdf.mkii
[Loading MPS to PDF converter (version 2006.09.02).]
\scratchcounter=\count302
\scratchdimen=\dimen181
\scratchbox=\box57
\nofMPsegments=\count303
\nofMParguments=\count304
\everyMPshowfont=\toks30
\MPscratchCnt=\count305
\MPscratchDim=\dimen182
\MPnumerator=\count306
\makeMPintoPDFobject=\count307
\everyMPtoPDFconversion=\toks31
) (/usr/local/texlive/2021/texmf-dist/tex/latex/epstopdf-pkg/epstopdf-base.sty
Package: epstopdf-base 2020-01-24 v2.11 Base part for package epstopdf
Package epstopdf-base Info: Redefining graphics rule for `.eps' on input line 4
85.

(/usr/local/texlive/2021/texmf-dist/tex/latex/latexconfig/epstopdf-sys.cfg
File: epstopdf-sys.cfg 2010/07/13 v1.3 Configuration of (r)epstopdf for TeX Liv
e
))
Package caption Info: Begin \AtBeginDocument code.
Package caption Info: hyperref package is loaded.
Package caption Info: listings package is loaded.
Package caption Info: End \AtBeginDocument code.
\c@lstlisting=\count308

(/usr/local/texlive/2021/texmf-dist/tex/latex/pdflscape/pdflscape.sty
Package: pdflscape 2019/12/05 v0.12 Display of landscape pages in PDF (HO)

(/usr/local/texlive/2021/texmf-dist/tex/latex/graphics/lscape.sty
Package: lscape 2020/05/28 v3.02 Landscape Pages (DPC)
)
Package pdflscape Info: Auto-detected driver: pdftex on input line 81.
)
Package hyperref Info: Link coloring OFF on input line 69.

(/usr/local/texlive/2021/texmf-dist/tex/latex/hyperref/nameref.sty
Package: nameref 2021-04-02 v2.47 Cross-referencing by name of section

(/usr/local/texlive/2021/texmf-dist/tex/latex/refcount/refcount.sty
Package: refcount 2019/12/15 v3.6 Data extraction from label references (HO)
)
(/usr/local/texlive/2021/texmf-dist/tex/generic/gettitlestring/gettitlestring.s
ty
Package: gettitlestring 2019/12/15 v1.6 Cleanup title references (HO)
)
\c@section@level=\count309
)
LaTeX Info: Redefining \ref on input line 69.
LaTeX Info: Redefining \pageref on input line 69.
LaTeX Info: Redefining \nameref on input line 69.
 (./main.out) (./main.out)
\@outlinefile=\write3
\openout3 = `main.out'.


*geometry* driver: auto-detecting
*geometry* detected driver: pdftex
*geometry* verbose mode - [ preamble ] result:
* driver: pdftex
* paper: a4paper
* layout: <same size as paper>
* layoutoffset:(h,v)=(0.0pt,0.0pt)
* modes: 
* h-part:(L,W,R)=(56.9055pt, 483.69687pt, 56.9055pt)
* v-part:(T,H,B)=(56.9055pt, 731.23584pt, 56.9055pt)
* \paperwidth=597.50787pt
* \paperheight=845.04684pt
* \textwidth=483.69687pt
* \textheight=731.23584pt
* \oddsidemargin=-15.36449pt
* \evensidemargin=-15.36449pt
* \topmargin=-52.36449pt
* \headheight=12.0pt
* \headsep=25.0pt
* \topskip=10.0pt
* \footskip=30.0pt
* \marginparwidth=57.0pt
* \marginparsep=11.0pt
* \columnsep=10.0pt
* \skip\footins=9.0pt plus 4.0pt minus 2.0pt
* \hoffset=0.0pt
* \voffset=0.0pt
* \mag=1000
* \@twocolumnfalse
* \@twosidefalse
* \@mparswitchfalse
* \@reversemarginfalse
* (1in=72.27pt=25.4mm, 1cm=28.453pt)

<../OdiTech Logo.pdf, id=84, 286.78542pt x 75.79758pt>
File: ../OdiTech Logo.pdf Graphic file (type pdf)
<use ../OdiTech Logo.pdf>
Package pdftex.def Info: ../OdiTech Logo.pdf  used on input line 71.
(pdftex.def)             Requested size: 362.77264pt x 95.88132pt.
LaTeX Font Info:    Trying to load font information for U+msa on input line 71.

(/usr/local/texlive/2021/texmf-dist/tex/latex/amsfonts/umsa.fd
File: umsa.fd 2013/01/14 v3.01 AMS symbols A
)
LaTeX Font Info:    Trying to load font information for U+msb on input line 71.


(/usr/local/texlive/2021/texmf-dist/tex/latex/amsfonts/umsb.fd
File: umsb.fd 2013/01/14 v3.01 AMS symbols B
)
Overfull \hbox (2.67743pt too wide) in paragraph at lines 71--71
 [][] 
 []

[1

{/usr/local/texlive/2021/texmf-var/fonts/map/pdftex/updmap/pdftex.map} <../OdiT
ech Logo.pdf>] (./main.toc
LaTeX Info: Redefining \. on input line 1.
LaTeX Info: Redefining \% on input line 1.
)
\tf@toc=\write4
\openout4 = `main.toc'.

pdfTeX warning (ext4): destination with the same identifier (name{page.1}) has 
been already used, duplicate ignored
<to be read again> 
                   \relax 
l.72 \listoffigures
                    [1

] (./main.lof
LaTeX Info: Redefining \. on input line 1.
LaTeX Info: Redefining \% on input line 1.
)
\tf@lof=\write5
\openout5 = `main.lof'.

 [2

] (./main.lot
LaTeX Info: Redefining \. on input line 1.
LaTeX Info: Redefining \% on input line 1.
)
\tf@lot=\write6
\openout6 = `main.lot'.

 [3

]
Cap\'{\i }tulo 1.
(./Text/Introduccion/Introduccion.tex
Underfull \hbox (badness 10000) in paragraph at lines 3--4

 []


Underfull \hbox (badness 10000) in paragraph at lines 7--8

 []


Underfull \hbox (badness 10000) in paragraph at lines 9--10

 []


Underfull \hbox (badness 10000) in paragraph at lines 11--12

 []


Underfull \hbox (badness 10000) in paragraph at lines 13--14

 []


Underfull \hbox (badness 10000) in paragraph at lines 15--16

 []


Underfull \hbox (badness 10000) in paragraph at lines 17--18

 []

) [4

]
Cap\'{\i }tulo 2.
(./Text/PlanteamientoInicial/PlanteamientoInicial.tex
Underfull \hbox (badness 10000) in paragraph at lines 1--2

 []


Underfull \hbox (badness 10000) in paragraph at lines 3--4

 []



pdfTeX warning: /Library/TeX/texbin/pdflatex (file ./Imagenes/PlanteamientoInic
ial/torres_telefonia.pdf): PDF inclusion: found PDF version <1.7>, but at most 
version <1.5> allowed
<Imagenes/PlanteamientoInicial/torres_telefonia.pdf, id=183, 1285.87396pt x 793
.00366pt>
File: Imagenes/PlanteamientoInicial/torres_telefonia.pdf Graphic file (type pdf
)
<use Imagenes/PlanteamientoInicial/torres_telefonia.pdf>
Package pdftex.def Info: Imagenes/PlanteamientoInicial/torres_telefonia.pdf  us
ed on input line 8.
(pdftex.def)             Requested size: 483.69687pt x 298.29526pt.

Underfull \hbox (badness 10000) in paragraph at lines 13--14

 []


Underfull \hbox (badness 10000) in paragraph at lines 15--16

 []

[5

 <./Imagenes/PlanteamientoInicial/torres_telefonia.pdf>]
Underfull \hbox (badness 10000) in paragraph at lines 17--18

 []


Underfull \hbox (badness 10000) in paragraph at lines 19--20

 []


Underfull \hbox (badness 10000) in paragraph at lines 21--22

 []


Underfull \hbox (badness 10000) in paragraph at lines 23--24

 []

) [6]
Cap\'{\i }tulo 3.
(./Text/Solucion/Sol_Infraestructura.tex
Underfull \hbox (badness 10000) in paragraph at lines 1--2

 []


Underfull \hbox (badness 10000) in paragraph at lines 3--4

 []


Underfull \hbox (badness 10000) in paragraph at lines 5--6

 []


Underfull \hbox (badness 10000) in paragraph at lines 7--8

 []


Underfull \hbox (badness 10000) in paragraph at lines 9--10

 []

LaTeX Font Info:    Trying to load font information for OML+cmr on input line 1
6.
(/usr/local/texlive/2021/texmf-dist/tex/latex/base/omlcmr.fd
File: omlcmr.fd 2019/12/16 v2.5j Standard LaTeX font definitions
)
LaTeX Font Info:    Font shape `OML/cmr/m/n' in size <10> not available
(Font)              Font shape `OML/cmm/m/it' tried instead on input line 16.
 [7

]
Underfull \hbox (badness 10000) in paragraph at lines 25--26

 []


Underfull \hbox (badness 10000) in paragraph at lines 41--42

 []


Underfull \hbox (badness 10000) in paragraph at lines 43--44

 []



pdfTeX warning: /Library/TeX/texbin/pdflatex (file ./Imagenes/Solucion/xirio.pd
f): PDF inclusion: found PDF version <1.7>, but at most version <1.5> allowed
<Imagenes/Solucion/xirio.pdf, id=205, 1049.97273pt x 621.35335pt>
File: Imagenes/Solucion/xirio.pdf Graphic file (type pdf)
<use Imagenes/Solucion/xirio.pdf>
Package pdftex.def Info: Imagenes/Solucion/xirio.pdf  used on input line 49.
(pdftex.def)             Requested size: 483.69687pt x 286.23369pt.
[8]
Underfull \hbox (badness 10000) in paragraph at lines 69--70

 []


Underfull \hbox (badness 10000) in paragraph at lines 71--72

 []


Underfull \hbox (badness 10000) in paragraph at lines 73--74

 []


Underfull \hbox (badness 10000) in paragraph at lines 75--76

 []

[9 <./Imagenes/Solucion/xirio.pdf>]
Underfull \hbox (badness 10000) in paragraph at lines 77--78

 []

) (./Text/Solucion/Sol_Deteccion.tex
Underfull \hbox (badness 10000) in paragraph at lines 1--2

 []


Underfull \hbox (badness 10000) in paragraph at lines 3--4

 []


Underfull \hbox (badness 10000) in paragraph at lines 5--6

 []


Underfull \hbox (badness 10000) in paragraph at lines 7--8

 []


Underfull \hbox (badness 10000) in paragraph at lines 9--10

 []


Underfull \hbox (badness 10000) in paragraph at lines 11--12

 []


Underfull \hbox (badness 10000) in paragraph at lines 13--14

 []


Underfull \hbox (badness 10000) in paragraph at lines 15--16

 []

[10]
Underfull \hbox (badness 10000) in paragraph at lines 17--18

 []


Underfull \hbox (badness 10000) in paragraph at lines 19--20

 []


Underfull \hbox (badness 10000) in paragraph at lines 21--22

 []


Underfull \hbox (badness 10000) in paragraph at lines 29--30

 []



pdfTeX warning: /Library/TeX/texbin/pdflatex (file ./Imagenes/IA/deepracer.pdf)
: PDF inclusion: found PDF version <1.7>, but at most version <1.5> allowed
<Imagenes/IA/deepracer.pdf, id=224, 194.97844pt x 146.04562pt>
File: Imagenes/IA/deepracer.pdf Graphic file (type pdf)
<use Imagenes/IA/deepracer.pdf>
Package pdftex.def Info: Imagenes/IA/deepracer.pdf  used on input line 33.
(pdftex.def)             Requested size: 290.22107pt x 217.39427pt.

Underfull \hbox (badness 10000) in paragraph at lines 38--39

 []

<Imagenes/IA/deteccion1.pdf, id=227, 1006.76125pt x 901.3675pt>
File: Imagenes/IA/deteccion1.pdf Graphic file (type pdf)
<use Imagenes/IA/deteccion1.pdf>
Package pdftex.def Info: Imagenes/IA/deteccion1.pdf  used on input line 42.
(pdftex.def)             Requested size: 290.22107pt x 259.8357pt.
[11 <./Imagenes/IA/deepracer.pdf>]
<Imagenes/IA/deteccion2.pdf, id=234, 1006.76125pt x 901.3675pt>
File: Imagenes/IA/deteccion2.pdf Graphic file (type pdf)
<use Imagenes/IA/deteccion2.pdf>
Package pdftex.def Info: Imagenes/IA/deteccion2.pdf  used on input line 49.
(pdftex.def)             Requested size: 290.22107pt x 259.8357pt.

Underfull \hbox (badness 10000) in paragraph at lines 54--55

 []

<Imagenes/IA/deteccion3.pdf, id=236, 937.5025pt x 731.73375pt>
File: Imagenes/IA/deteccion3.pdf Graphic file (type pdf)
<use Imagenes/IA/deteccion3.pdf>
Package pdftex.def Info: Imagenes/IA/deteccion3.pdf  used on input line 58.
(pdftex.def)             Requested size: 290.22107pt x 226.51132pt.
[12 <./Imagenes/IA/deteccion1.pdf> <./Imagenes/IA/deteccion2.pdf

pdfTeX warning: /Library/TeX/texbin/pdflatex (file ./Imagenes/IA/deteccion2.pdf
): PDF inclusion: multiple pdfs with page group included in a single page
>]
Overfull \hbox (4.92773pt too wide) in paragraph at lines 63--64
[]\OT1/cmr/m/n/10 Finalmente, a trav^^Ses de un po-pu-lar re-po-si-to-rio de Gi
tHub []$\OT1/cmtt/m/n/10 https : / / github . com / rafaelpadilla / Object-[]De
 \
 []


Underfull \hbox (badness 10000) in paragraph at lines 63--64

 []


Underfull \hbox (badness 10000) in paragraph at lines 65--67

 []


Underfull \hbox (badness 10000) in paragraph at lines 65--67

 []


Underfull \hbox (badness 10000) in paragraph at lines 67--69

 []


Underfull \hbox (badness 10000) in paragraph at lines 70--71

 []

<Imagenes/IA/rendimiento.pdf, id=251, 785.93625pt x 574.145pt>
File: Imagenes/IA/rendimiento.pdf Graphic file (type pdf)
<use Imagenes/IA/rendimiento.pdf>
Package pdftex.def Info: Imagenes/IA/rendimiento.pdf  used on input line 75.
(pdftex.def)             Requested size: 483.69687pt x 353.36429pt.
) [13 <./Imagenes/IA/deteccion3.pdf>] (./Text/Solucion/Sol_Normativa.tex
Underfull \hbox (badness 10000) in paragraph at lines 12--14

 []

[14 <./Imagenes/IA/rendimiento.pdf>]
Underfull \hbox (badness 10000) in paragraph at lines 19--20

 []


Underfull \hbox (badness 10000) in paragraph at lines 22--23

 []


Underfull \hbox (badness 10000) in paragraph at lines 27--28

 []


Underfull \hbox (badness 10000) in paragraph at lines 34--36

 []


Underfull \hbox (badness 10000) in paragraph at lines 39--40

 []


Underfull \hbox (badness 10000) in paragraph at lines 46--47

 []

[15]
Underfull \hbox (badness 10000) in paragraph at lines 60--61

 []


Underfull \hbox (badness 10000) in paragraph at lines 83--84

 []

) [16]
Cap\'{\i }tulo 4.
[17

]
Cap\'{\i }tulo 5.
(./Text/Rendimiento/Rendimiento.tex) [18

]
Cap\'{\i }tulo 6.
(./Text/AnexoI_Manual/Infraestructura/Infraestructura.tex
Underfull \hbox (badness 10000) in paragraph at lines 38--39

 []

[19

]) (./Text/AnexoI_Manual/AA/despliegue_ia.tex
LaTeX Font Info:    Trying to load font information for OMS+cmr on input line 1
.

(/usr/local/texlive/2021/texmf-dist/tex/latex/base/omscmr.fd
File: omscmr.fd 2019/12/16 v2.5j Standard LaTeX font definitions
)
LaTeX Font Info:    Font shape `OMS/cmr/bx/n' in size <10> not available
(Font)              Font shape `OMS/cmsy/b/n' tried instead on input line 1.

Underfull \hbox (badness 10000) in paragraph at lines 1--2

 []


Underfull \hbox (badness 10000) in paragraph at lines 3--4

 []

(./Text/AnexoI_Manual/AA/deteccion.tex [20]

pdfTeX warning: /Library/TeX/texbin/pdflatex (file ./Imagenes/AnexoI_Manual/AA/
deteccion1.pdf): PDF inclusion: found PDF version <1.7>, but at most version <1
.5> allowed
<Imagenes/AnexoI_Manual/AA/deteccion1.pdf, id=357, 1123.25397pt x 690.61548pt>
File: Imagenes/AnexoI_Manual/AA/deteccion1.pdf Graphic file (type pdf)
<use Imagenes/AnexoI_Manual/AA/deteccion1.pdf>
Package pdftex.def Info: Imagenes/AnexoI_Manual/AA/deteccion1.pdf  used on inpu
t line 26.
(pdftex.def)             Requested size: 483.69687pt x 297.39093pt.


pdfTeX warning: /Library/TeX/texbin/pdflatex (file ./Imagenes/AnexoI_Manual/AA/
deteccion2.pdf): PDF inclusion: found PDF version <1.7>, but at most version <1
.5> allowed
<Imagenes/AnexoI_Manual/AA/deteccion2.pdf, id=359, 1425.39827pt x 799.02605pt>
File: Imagenes/AnexoI_Manual/AA/deteccion2.pdf Graphic file (type pdf)
<use Imagenes/AnexoI_Manual/AA/deteccion2.pdf>
Package pdftex.def Info: Imagenes/AnexoI_Manual/AA/deteccion2.pdf  used on inpu
t line 38.
(pdftex.def)             Requested size: 483.69687pt x 271.14099pt.
[21 <./Imagenes/AnexoI_Manual/AA/deteccion1.pdf>]

pdfTeX warning: /Library/TeX/texbin/pdflatex (file ./Imagenes/AnexoI_Manual/AA/
deteccion3.pdf): PDF inclusion: found PDF version <1.7>, but at most version <1
.5> allowed
<Imagenes/AnexoI_Manual/AA/deteccion3.pdf, id=370, 1283.86217pt x 750.8436pt>
File: Imagenes/AnexoI_Manual/AA/deteccion3.pdf Graphic file (type pdf)
<use Imagenes/AnexoI_Manual/AA/deteccion3.pdf>
Package pdftex.def Info: Imagenes/AnexoI_Manual/AA/deteccion3.pdf  used on inpu
t line 51.
(pdftex.def)             Requested size: 483.69687pt x 282.88321pt.
[22 <./Imagenes/AnexoI_Manual/AA/deteccion2.pdf> <./Imagenes/AnexoI_Manual/AA/d
eteccion3.pdf>]

pdfTeX warning: /Library/TeX/texbin/pdflatex (file ./Imagenes/AnexoI_Manual/AA/
deteccion4.pdf): PDF inclusion: found PDF version <1.7>, but at most version <1
.5> allowed
<Imagenes/AnexoI_Manual/AA/deteccion4.pdf, id=380, 1173.44403pt x 554.09848pt>
File: Imagenes/AnexoI_Manual/AA/deteccion4.pdf Graphic file (type pdf)
<use Imagenes/AnexoI_Manual/AA/deteccion4.pdf>
Package pdftex.def Info: Imagenes/AnexoI_Manual/AA/deteccion4.pdf  used on inpu
t line 78.
(pdftex.def)             Requested size: 483.69687pt x 228.39934pt.
) (./Text/AnexoI_Manual/AA/etiquetado.tex
Underfull \hbox (badness 10000) in paragraph at lines 1--2

 []


Underfull \hbox (badness 10000) in paragraph at lines 3--4

 []


Underfull \hbox (badness 10000) in paragraph at lines 11--12

 []

[23 <./Imagenes/AnexoI_Manual/AA/deteccion4.pdf>]

pdfTeX warning: /Library/TeX/texbin/pdflatex (file ./Imagenes/AnexoI_Manual/AA/
etiquetado1.pdf): PDF inclusion: found PDF version <1.7>, but at most version <
1.5> allowed
<Imagenes/AnexoI_Manual/AA/etiquetado1.pdf, id=392, 719.22382pt x 452.21263pt>
File: Imagenes/AnexoI_Manual/AA/etiquetado1.pdf Graphic file (type pdf)
<use Imagenes/AnexoI_Manual/AA/etiquetado1.pdf>
Package pdftex.def Info: Imagenes/AnexoI_Manual/AA/etiquetado1.pdf  used on inp
ut line 17.
(pdftex.def)             Requested size: 483.69687pt x 304.11942pt.

Underfull \hbox (badness 10000) in paragraph at lines 22--23

 []



pdfTeX warning: /Library/TeX/texbin/pdflatex (file ./Imagenes/AnexoI_Manual/AA/
etiquetado2.pdf): PDF inclusion: found PDF version <1.7>, but at most version <
1.5> allowed
<Imagenes/AnexoI_Manual/AA/etiquetado2.pdf, id=394, 1443.46663pt x 801.03368pt>

File: Imagenes/AnexoI_Manual/AA/etiquetado2.pdf Graphic file (type pdf)
<use Imagenes/AnexoI_Manual/AA/etiquetado2.pdf>
Package pdftex.def Info: Imagenes/AnexoI_Manual/AA/etiquetado2.pdf  used on inp
ut line 26.
(pdftex.def)             Requested size: 483.69687pt x 268.42433pt.
[24 <./Imagenes/AnexoI_Manual/AA/etiquetado1.pdf>]

pdfTeX warning: /Library/TeX/texbin/pdflatex (file ./Imagenes/AnexoI_Manual/AA/
etiquetado3.pdf): PDF inclusion: found PDF version <1.7>, but at most version <
1.5> allowed
<Imagenes/AnexoI_Manual/AA/etiquetado3.pdf, id=404, 1441.45914pt x 802.03748pt>

File: Imagenes/AnexoI_Manual/AA/etiquetado3.pdf Graphic file (type pdf)
<use Imagenes/AnexoI_Manual/AA/etiquetado3.pdf>
Package pdftex.def Info: Imagenes/AnexoI_Manual/AA/etiquetado3.pdf  used on inp
ut line 36.
(pdftex.def)             Requested size: 483.69687pt x 269.12784pt.


pdfTeX warning: /Library/TeX/texbin/pdflatex (file ./Imagenes/AnexoI_Manual/AA/
etiquetado4.pdf): PDF inclusion: found PDF version <1.7>, but at most version <
1.5> allowed
<Imagenes/AnexoI_Manual/AA/etiquetado4.pdf, id=406, 698.6459pt x 77.29272pt>
File: Imagenes/AnexoI_Manual/AA/etiquetado4.pdf Graphic file (type pdf)
<use Imagenes/AnexoI_Manual/AA/etiquetado4.pdf>
Package pdftex.def Info: Imagenes/AnexoI_Manual/AA/etiquetado4.pdf  used on inp
ut line 45.
(pdftex.def)             Requested size: 483.69687pt x 53.51366pt.
[25 <./Imagenes/AnexoI_Manual/AA/etiquetado2.pdf> <./Imagenes/AnexoI_Manual/AA/
etiquetado3.pdf>]) (./Text/AnexoI_Manual/AA/rendimiento.tex
Underfull \hbox (badness 10000) in paragraph at lines 1--2

 []


Underfull \hbox (badness 10000) in paragraph at lines 3--4

 []

<Imagenes/AnexoI_Manual/AA/rendimiento.pdf, id=420, 785.93625pt x 574.145pt>
File: Imagenes/AnexoI_Manual/AA/rendimiento.pdf Graphic file (type pdf)
<use Imagenes/AnexoI_Manual/AA/rendimiento.pdf>
Package pdftex.def Info: Imagenes/AnexoI_Manual/AA/rendimiento.pdf  used on inp
ut line 14.
(pdftex.def)             Requested size: 483.69687pt x 353.36429pt.
[26 <./Imagenes/AnexoI_Manual/AA/etiquetado4.pdf>])
(./Text/AnexoI_Manual/AA/dataset.tex
Underfull \hbox (badness 10000) in paragraph at lines 1--2

 []



pdfTeX warning: /Library/TeX/texbin/pdflatex (file ./Imagenes/AnexoI_Manual/AA/
dataset.pdf): PDF inclusion: found PDF version <1.7>, but at most version <1.5>
 allowed
<Imagenes/AnexoI_Manual/AA/dataset.pdf, id=436, 748.83597pt x 427.61946pt>
File: Imagenes/AnexoI_Manual/AA/dataset.pdf Graphic file (type pdf)
<use Imagenes/AnexoI_Manual/AA/dataset.pdf>
Package pdftex.def Info: Imagenes/AnexoI_Manual/AA/dataset.pdf  used on input l
ine 13.
(pdftex.def)             Requested size: 483.69687pt x 276.22025pt.
[27 <./Imagenes/AnexoI_Manual/AA/rendimiento.pdf>]
Underfull \hbox (badness 10000) in paragraph at lines 18--19

 []

)) [28 <./Imagenes/AnexoI_Manual/AA/dataset.pdf>]
Cap\'{\i }tulo 7.
[29

]
Cap\'{\i }tulo 8.
[30

] (./main.aux
LaTeX Info: Redefining \. on input line 26.
LaTeX Info: Redefining \% on input line 26.
)

LaTeX Warning: There were multiply-defined labels.

Package rerunfilecheck Info: File `main.out' has not changed.
(rerunfilecheck)             Checksum: 24F4974AF9181F554E35E05CF11B0CC0;3346.
 ) 
Here is how much of TeX's memory you used:
 15595 strings out of 478994
 230876 string characters out of 5858184
 827693 words of memory out of 5000000
 32640 multiletter control sequences out of 15000+600000
 415091 words of font info for 72 fonts, out of 8000000 for 9000
 1141 hyphenation exceptions out of 8191
 71i,9n,74p,1293b,1316s stack positions out of 5000i,500n,10000p,200000b,80000s
</usr/local/texlive/2021/texmf-dist/fonts/type1/public/amsfonts/cm/cmbsy10.pf
b></usr/local/texlive/2021/texmf-dist/fonts/type1/public/amsfonts/cm/cmbx10.pfb
></usr/local/texlive/2021/texmf-dist/fonts/type1/public/amsfonts/cm/cmbx12.pfb>
</usr/local/texlive/2021/texmf-dist/fonts/type1/public/amsfonts/cm/cmbxti10.pfb
></usr/local/texlive/2021/texmf-dist/fonts/type1/public/amsfonts/cm/cmitt10.pfb
></usr/local/texlive/2021/texmf-dist/fonts/type1/public/amsfonts/cm/cmmi10.pfb>
</usr/local/texlive/2021/texmf-dist/fonts/type1/public/amsfonts/cm/cmr10.pfb></
usr/local/texlive/2021/texmf-dist/fonts/type1/public/amsfonts/cm/cmr12.pfb></us
r/local/texlive/2021/texmf-dist/fonts/type1/public/amsfonts/cm/cmr7.pfb></usr/l
ocal/texlive/2021/texmf-dist/fonts/type1/public/amsfonts/cm/cmsy10.pfb></usr/lo
cal/texlive/2021/texmf-dist/fonts/type1/public/amsfonts/cm/cmti10.pfb></usr/loc
al/texlive/2021/texmf-dist/fonts/type1/public/amsfonts/cm/cmtt10.pfb></usr/loca
l/texlive/2021/texmf-dist/fonts/type1/public/amsfonts/cm/cmtt8.pfb></usr/local/
texlive/2021/texmf-dist/fonts/type1/public/eurosym/feymr10.pfb>
Output written on main.pdf (31 pages, 26458634 bytes).
PDF statistics:
 547 PDF objects out of 1000 (max. 8388607)
 458 compressed objects within 5 object streams
 147 named destinations out of 1000 (max. 500000)
 251 words of extra memory for PDF output out of 10000 (max. 10000000)

